Using pre-set license
Built from '2021.3/staging' branch; Version is '2021.3.2f1 (d6360bedb9a0) revision 14038539'; Using compiler version '192829333'; Build Type 'Release'
OS: 'Windows 11  (10.0.22000) 64bit Core' Language: 'en' Physical Memory: 8072 MB
BatchMode: 1, IsHumanControllingUs: 0, StartBugReporterOnCrash: 0, Is64bit: 1, IsPro: 1

COMMAND LINE ARGUMENTS:
C:\Program Files\Unity\Hub\Editor\2021.3.2f1\Editor\Unity.exe
-adb2
-batchMode
-noUpm
-name
AssetImportWorker0
-projectPath
C:/Users/mmlen/Desktop/1 - Projects/MemoriseCFOP/MemorisingCFOP
-logFile
Logs/AssetImportWorker0.log
-srvPort
50279
Successfully changed project path to: C:/Users/mmlen/Desktop/1 - Projects/MemoriseCFOP/MemorisingCFOP
C:/Users/mmlen/Desktop/1 - Projects/MemoriseCFOP/MemorisingCFOP
[UnityMemory] Configuration Parameters - Can be set up in boot.config
    "memorysetup-bucket-allocator-granularity=16"
    "memorysetup-bucket-allocator-bucket-count=8"
    "memorysetup-bucket-allocator-block-size=33554432"
    "memorysetup-bucket-allocator-block-count=8"
    "memorysetup-main-allocator-block-size=16777216"
    "memorysetup-thread-allocator-block-size=16777216"
    "memorysetup-gfx-main-allocator-block-size=16777216"
    "memorysetup-gfx-thread-allocator-block-size=16777216"
    "memorysetup-cache-allocator-block-size=4194304"
    "memorysetup-typetree-allocator-block-size=2097152"
    "memorysetup-profiler-bucket-allocator-granularity=16"
    "memorysetup-profiler-bucket-allocator-bucket-count=8"
    "memorysetup-profiler-bucket-allocator-block-size=33554432"
    "memorysetup-profiler-bucket-allocator-block-count=8"
    "memorysetup-profiler-allocator-block-size=16777216"
    "memorysetup-profiler-editor-allocator-block-size=1048576"
    "memorysetup-temp-allocator-size-main=16777216"
    "memorysetup-job-temp-allocator-block-size=2097152"
    "memorysetup-job-temp-allocator-block-size-background=1048576"
    "memorysetup-job-temp-allocator-reduction-small-platforms=262144"
    "memorysetup-temp-allocator-size-background-worker=32768"
    "memorysetup-temp-allocator-size-job-worker=262144"
    "memorysetup-temp-allocator-size-preload-manager=33554432"
    "memorysetup-temp-allocator-size-nav-mesh-worker=65536"
    "memorysetup-temp-allocator-size-audio-worker=65536"
    "memorysetup-temp-allocator-size-cloud-worker=32768"
    "memorysetup-temp-allocator-size-gi-baking-worker=262144"
    "memorysetup-temp-allocator-size-gfx=262144"
Refreshing native plugins compatible for Editor in 98.20 ms, found 3 plugins.
Preloading 0 native plugins for Editor in 0.00 ms.
Initialize engine version: 2021.3.2f1 (d6360bedb9a0)
[Subsystems] Discovering subsystems at path C:/Program Files/Unity/Hub/Editor/2021.3.2f1/Editor/Data/Resources/UnitySubsystems
[Subsystems] Discovering subsystems at path C:/Users/mmlen/Desktop/1 - Projects/MemoriseCFOP/MemorisingCFOP/Assets
GfxDevice: creating device client; threaded=0; jobified=0
Direct3D:
    Version:  Direct3D 11.0 [level 11.1]
    Renderer: Intel(R) UHD Graphics 620 (ID=0x3ea0)
    Vendor:   Intel
    VRAM:     4036 MB
    Driver:   27.20.100.8729
Initialize mono
Mono path[0] = 'C:/Program Files/Unity/Hub/Editor/2021.3.2f1/Editor/Data/Managed'
Mono path[1] = 'C:/Program Files/Unity/Hub/Editor/2021.3.2f1/Editor/Data/MonoBleedingEdge/lib/mono/unityjit-win32'
Mono config path = 'C:/Program Files/Unity/Hub/Editor/2021.3.2f1/Editor/Data/MonoBleedingEdge/etc'
Using monoOptions --debugger-agent=transport=dt_socket,embedding=1,server=y,suspend=n,address=127.0.0.1:56520
Begin MonoManager ReloadAssembly
Registering precompiled unity dll's ...
Register platform support module: C:/Program Files/Unity/Hub/Editor/2021.3.2f1/Editor/Data/PlaybackEngines/WebGLSupport/UnityEditor.WebGL.Extensions.dll
Register platform support module: C:/Program Files/Unity/Hub/Editor/2021.3.2f1/Editor/Data/PlaybackEngines/WindowsStandaloneSupport/UnityEditor.WindowsStandalone.Extensions.dll
Registered in 0.005493 seconds.
Native extension for WindowsStandalone target not found
Native extension for WebGL target not found
Refreshing native plugins compatible for Editor in 88.00 ms, found 3 plugins.
Preloading 0 native plugins for Editor in 0.00 ms.
Mono: successfully reloaded assembly
- Completed reload, in  0.748 seconds
Domain Reload Profiling:
	ReloadAssembly (748ms)
		BeginReloadAssembly (84ms)
			ExecutionOrderSort (0ms)
			DisableScriptedObjects (0ms)
			BackupInstance (0ms)
			ReleaseScriptingObjects (0ms)
			CreateAndSetChildDomain (1ms)
		EndReloadAssembly (532ms)
			LoadAssemblies (82ms)
			RebuildTransferFunctionScriptingTraits (0ms)
			SetupTypeCache (124ms)
			ReleaseScriptCaches (0ms)
			RebuildScriptCaches (33ms)
			SetupLoadedEditorAssemblies (322ms)
				LogAssemblyErrors (0ms)
				InitializePlatformSupportModulesInManaged (9ms)
				SetLoadedEditorAssemblies (0ms)
				RefreshPlugins (88ms)
				BeforeProcessingInitializeOnLoad (1ms)
				ProcessInitializeOnLoadAttributes (171ms)
				ProcessInitializeOnLoadMethodAttributes (52ms)
				AfterProcessingInitializeOnLoad (0ms)
				EditorAssembliesLoaded (0ms)
			ExecutionOrderSort2 (0ms)
			AwakeInstancesAfterBackupRestoration (0ms)
Platform modules already initialized, skipping
Registering precompiled user dll's ...
Registered in 0.004549 seconds.
Begin MonoManager ReloadAssembly
Symbol file LoadedFromMemory doesn't match image C:\Users\mmlen\Desktop\1 - Projects\MemoriseCFOP\MemorisingCFOP\Library\PackageCache\com.unity.visualscripting@1.7.6\Editor\VisualScripting.Core\Dependencies\YamlDotNet\Unity.VisualScripting.YamlDotNet.dll
Symbol file LoadedFromMemory doesn't match image C:\Users\mmlen\Desktop\1 - Projects\MemoriseCFOP\MemorisingCFOP\Library\PackageCache\com.unity.visualscripting@1.7.6\Editor\VisualScripting.Core\Dependencies\DotNetZip\Unity.VisualScripting.IonicZip.dll
Native extension for WindowsStandalone target not found
Native extension for WebGL target not found
Refreshing native plugins compatible for Editor in 0.61 ms, found 3 plugins.
Preloading 0 native plugins for Editor in 0.00 ms.
Mono: successfully reloaded assembly
- Completed reload, in  1.146 seconds
Domain Reload Profiling:
	ReloadAssembly (1146ms)
		BeginReloadAssembly (112ms)
			ExecutionOrderSort (0ms)
			DisableScriptedObjects (6ms)
			BackupInstance (0ms)
			ReleaseScriptingObjects (0ms)
			CreateAndSetChildDomain (19ms)
		EndReloadAssembly (903ms)
			LoadAssemblies (78ms)
			RebuildTransferFunctionScriptingTraits (0ms)
			SetupTypeCache (306ms)
			ReleaseScriptCaches (1ms)
			RebuildScriptCaches (59ms)
			SetupLoadedEditorAssemblies (408ms)
				LogAssemblyErrors (0ms)
				InitializePlatformSupportModulesInManaged (6ms)
				SetLoadedEditorAssemblies (1ms)
				RefreshPlugins (1ms)
				BeforeProcessingInitializeOnLoad (102ms)
				ProcessInitializeOnLoadAttributes (263ms)
				ProcessInitializeOnLoadMethodAttributes (30ms)
				AfterProcessingInitializeOnLoad (5ms)
				EditorAssembliesLoaded (0ms)
			ExecutionOrderSort2 (0ms)
			AwakeInstancesAfterBackupRestoration (7ms)
Platform modules already initialized, skipping
========================================================================
Worker process is ready to serve import requests
Launched and connected shader compiler UnityShaderCompiler.exe after 0.06 seconds
Refreshing native plugins compatible for Editor in 0.58 ms, found 3 plugins.
Preloading 0 native plugins for Editor in 0.00 ms.
Unloading 3361 Unused Serialized files (Serialized files now loaded: 0)
Unloading 26 unused Assets / (112.2 KB). Loaded Objects now: 3818.
Memory consumption went from 115.7 MB to 115.6 MB.
Total: 3.872100 ms (FindLiveObjects: 0.425900 ms CreateObjectMapping: 0.326900 ms MarkObjects: 2.985800 ms  DeleteObjects: 0.131900 ms)

AssetImportParameters requested are different than current active one (requested -> active):
  custom:video-decoder-ogg-theora: a1e56fd34408186e4bbccfd4996cb3dc -> 
  custom:container-muxer-webm: aa71ff27fc2769a1b78a27578f13a17b -> 
  custom:container-demuxer-webm: 4f35f7cbe854078d1ac9338744f61a02 -> 
  custom:video-encoder-webm-vp8: eb34c28f22e8b96e1ab97ce403110664 -> 
  custom:video-codec-MediaFoundation-h265: 746d11721c4dcdbdad8f713fa42b33f4 -> 
  custom:audio-encoder-webm-vorbis: bf7c407c2cedff20999df2af8eb42d56 -> 
  custom:framework-win-MediaFoundation: 216162199b28c13a410421893ffa2e32 -> 
  custom:container-demuxer-ogg: 62fdf1f143b41e24485cea50d1cbac27 -> 
  custom:video-decoder-webm-vp8: 9c59270c3fd7afecdb556c50c9e8de78 -> 
  custom:audio-decoder-ogg-vorbis: bf7c407c2cedff20999df2af8eb42d56 -> 
========================================================================
Received Import Request.
  Time since last request: 868643.881874 seconds.
  path: Assets/Prefabs/PieceBlack.prefab
  artifactKey: Guid(0501ca2774f6dff478c4607b93ce577c) Importer(815301076,1909f56bfc062723c751e8b465ee728b)
Start importing Assets/Prefabs/PieceBlack.prefab using Guid(0501ca2774f6dff478c4607b93ce577c) Importer(815301076,1909f56bfc062723c751e8b465ee728b)  -> (artifact id: 'bcd2825578dd318dd9b4551ba6021e74') in 6.188675 seconds 
========================================================================
Received Import Request.
  Time since last request: 824.397952 seconds.
  path: Assets/Prefabs/Piece.prefab
  artifactKey: Guid(7890a2f4212a0004a90c20efa82cc579) Importer(815301076,1909f56bfc062723c751e8b465ee728b)
Start importing Assets/Prefabs/Piece.prefab using Guid(7890a2f4212a0004a90c20efa82cc579) Importer(815301076,1909f56bfc062723c751e8b465ee728b)  -> (artifact id: 'd01a9302f87ba06ccafb2ab4dc49ae9d') in 0.023824 seconds 
========================================================================
Received Import Request.
  Time since last request: 1.368000 seconds.
  path: Assets/Prefabs/Piece.prefab
  artifactKey: Guid(7890a2f4212a0004a90c20efa82cc579) Importer(815301076,1909f56bfc062723c751e8b465ee728b)
Start importing Assets/Prefabs/Piece.prefab using Guid(7890a2f4212a0004a90c20efa82cc579) Importer(815301076,1909f56bfc062723c751e8b465ee728b)  -> (artifact id: '662bbd521e10320ff37c4e90709a9a95') in 0.023771 seconds 
========================================================================
Received Import Request.
  Time since last request: 0.959539 seconds.
  path: Assets/Prefabs/Piece.prefab
  artifactKey: Guid(7890a2f4212a0004a90c20efa82cc579) Importer(815301076,1909f56bfc062723c751e8b465ee728b)
Start importing Assets/Prefabs/Piece.prefab using Guid(7890a2f4212a0004a90c20efa82cc579) Importer(815301076,1909f56bfc062723c751e8b465ee728b)  -> (artifact id: 'c80189f975bef951e6421f98ca0c412b') in 0.017029 seconds 
========================================================================
Received Import Request.
  Time since last request: 11.274880 seconds.
  path: Assets/Prefabs/Piece.prefab
  artifactKey: Guid(7890a2f4212a0004a90c20efa82cc579) Importer(815301076,1909f56bfc062723c751e8b465ee728b)
Start importing Assets/Prefabs/Piece.prefab using Guid(7890a2f4212a0004a90c20efa82cc579) Importer(815301076,1909f56bfc062723c751e8b465ee728b)  -> (artifact id: 'ae0698de8581b91ba05979bf7f28b38e') in 0.023648 seconds 
========================================================================
Received Import Request.
  Time since last request: 3.003781 seconds.
  path: Assets/Prefabs/Piece.prefab
  artifactKey: Guid(7890a2f4212a0004a90c20efa82cc579) Importer(815301076,1909f56bfc062723c751e8b465ee728b)
Start importing Assets/Prefabs/Piece.prefab using Guid(7890a2f4212a0004a90c20efa82cc579) Importer(815301076,1909f56bfc062723c751e8b465ee728b)  -> (artifact id: '09dbfcdfe743801e8f2c63418efcb390') in 0.019915 seconds 
========================================================================
Received Import Request.
  Time since last request: 3.591950 seconds.
  path: Assets/Prefabs/Piece.prefab
  artifactKey: Guid(7890a2f4212a0004a90c20efa82cc579) Importer(815301076,1909f56bfc062723c751e8b465ee728b)
Start importing Assets/Prefabs/Piece.prefab using Guid(7890a2f4212a0004a90c20efa82cc579) Importer(815301076,1909f56bfc062723c751e8b465ee728b)  -> (artifact id: 'c4a49ae6866eb82f445fd6435a5b7a3c') in 0.015218 seconds 
========================================================================
Received Import Request.
  Time since last request: 13.942453 seconds.
  path: Assets/Prefabs/Piece.prefab
  artifactKey: Guid(7890a2f4212a0004a90c20efa82cc579) Importer(815301076,1909f56bfc062723c751e8b465ee728b)
Start importing Assets/Prefabs/Piece.prefab using Guid(7890a2f4212a0004a90c20efa82cc579) Importer(815301076,1909f56bfc062723c751e8b465ee728b)  -> (artifact id: '41250c0dbf9bf6f3d934a7fcb9468ddb') in 0.016987 seconds 
========================================================================
Received Import Request.
  Time since last request: 0.946433 seconds.
  path: Assets/Prefabs/Piece.prefab
  artifactKey: Guid(7890a2f4212a0004a90c20efa82cc579) Importer(815301076,1909f56bfc062723c751e8b465ee728b)
Start importing Assets/Prefabs/Piece.prefab using Guid(7890a2f4212a0004a90c20efa82cc579) Importer(815301076,1909f56bfc062723c751e8b465ee728b)  -> (artifact id: '8475e1748321457208c862cd110629f2') in 0.013179 seconds 
========================================================================
Received Import Request.
  Time since last request: 430.391048 seconds.
  path: Assets/Prefabs/Cube.prefab
  artifactKey: Guid(d5fd63835eb1736419ca5863018d0a77) Importer(815301076,1909f56bfc062723c751e8b465ee728b)
Start importing Assets/Prefabs/Cube.prefab using Guid(d5fd63835eb1736419ca5863018d0a77) Importer(815301076,1909f56bfc062723c751e8b465ee728b)  -> (artifact id: '42f8273179c68da7005d9c51ddb962f7') in 0.042228 seconds 
========================================================================
Received Import Request.
  Time since last request: 11.219477 seconds.
  path: Assets/Prefabs/PieceBlack.prefab
  artifactKey: Guid(0501ca2774f6dff478c4607b93ce577c) Importer(815301076,1909f56bfc062723c751e8b465ee728b)
Start importing Assets/Prefabs/PieceBlack.prefab using Guid(0501ca2774f6dff478c4607b93ce577c) Importer(815301076,1909f56bfc062723c751e8b465ee728b)  -> (artifact id: '0300f1f11c28a103198c2b3368e75596') in 0.011241 seconds 
========================================================================
Received Import Request.
  Time since last request: 80.869241 seconds.
  path: Assets/Prefabs/CubeBlack.prefab
  artifactKey: Guid(8009fbdefcd31e241895df8df7e0ec17) Importer(815301076,1909f56bfc062723c751e8b465ee728b)
Start importing Assets/Prefabs/CubeBlack.prefab using Guid(8009fbdefcd31e241895df8df7e0ec17) Importer(815301076,1909f56bfc062723c751e8b465ee728b)  -> (artifact id: 'fa6d03e2f3b6da3dd8722e2a9b8c1c64') in 0.032069 seconds 
